<?xml version="1.0" encoding="UTF-8"?>
<testsuite xmlns:xsi="http://www.w3.org/2001/XMLSchema-instance" xsi:noNamespaceSchemaLocation="https://maven.apache.org/surefire/maven-surefire-plugin/xsd/surefire-test-report-3.0.xsd" version="3.0" name="mysqltest.demo.DemoApplicationTests" time="6.61" tests="1" errors="0" skipped="0" failures="0">
  <properties>
[...]
</properties>
  <testcase name="contextLoads" classname="mysqltest.demo.DemoApplicationTests" time="0.025">
    <system-out><![CDATA[10:15:14.887 [main] INFO org.springframework.test.context.support.AnnotationConfigContextLoaderUtils -- Could not detect default configuration classes for test class [mysqltest.demo.DemoApplicationTests]: DemoApplicationTests does not declare any static, non-private, non-final, nested classes annotated with @Configuration.
10:15:15.134 [main] INFO org.springframework.boot.test.context.SpringBootTestContextBootstrapper -- Found @SpringBootConfiguration mysqltest.demo.DemoApplication for test class mysqltest.demo.DemoApplicationTests

  .   ____          _            __ _ _
 /\\ / ___'_ __ _ _(_)_ __  __ _ \ \ \ \
( ( )\___ | '_ | '_| | '_ \/ _` | \ \ \ \
 \\/  ___)| |_)| | | | | || (_| |  ) ) ) )
  '  |____| .__|_| |_|_| |_\__, | / / / /
 =========|_|==============|___/=/_/_/_/
 :: Spring Boot ::                (v3.2.2)

2024-03-26T10:15:15.940+05:30  INFO 11452 --- [           main] mysqltest.demo.DemoApplicationTests      : Starting DemoApplicationTests using Java 21.0.2 with PID 11452 (started by naeem in C:\Users\naeem\Documents\SE_LAB_Team8_NITCONF-1\demo)
2024-03-26T10:15:15.941+05:30  INFO 11452 --- [           main] mysqltest.demo.DemoApplicationTests      : No active profile set, falling back to 1 default profile: "default"
2024-03-26T10:15:17.395+05:30  INFO 11452 --- [           main] .s.d.r.c.RepositoryConfigurationDelegate : Bootstrapping Spring Data MongoDB repositories in DEFAULT mode.
2024-03-26T10:15:17.514+05:30  INFO 11452 --- [           main] .s.d.r.c.RepositoryConfigurationDelegate : Finished Spring Data repository scanning in 96 ms. Found 5 MongoDB repository interfaces.
2024-03-26T10:15:18.709+05:30  INFO 11452 --- [           main] org.mongodb.driver.client                : MongoClient with metadata {"application": {"name": "Cluster0"}, "driver": {"name": "mongo-java-driver|sync|spring-boot", "version": "4.11.1"}, "os": {"type": "Windows", "name": "Windows 11", "architecture": "amd64", "version": "10.0"}, "platform": "Java/Oracle Corporation/21.0.2+13-LTS-58"} created with settings MongoClientSettings{readPreference=primary, writeConcern=WriteConcern{w=majority, wTimeout=null ms, journal=null}, retryWrites=true, retryReads=true, readConcern=ReadConcern{level=null}, credential=MongoCredential{mechanism=null, userName='naeem', source='admin', password=<hidden>, mechanismProperties=<hidden>}, transportSettings=null, streamFactoryFactory=null, commandListeners=[], codecRegistry=ProvidersCodecRegistry{codecProviders=[ValueCodecProvider{}, BsonValueCodecProvider{}, DBRefCodecProvider{}, DBObjectCodecProvider{}, DocumentCodecProvider{}, CollectionCodecProvider{}, IterableCodecProvider{}, MapCodecProvider{}, GeoJsonCodecProvider{}, GridFSFileCodecProvider{}, Jsr310CodecProvider{}, JsonObjectCodecProvider{}, BsonCodecProvider{}, EnumCodecProvider{}, com.mongodb.client.model.mql.ExpressionCodecProvider@4e38b4ea, com.mongodb.Jep395RecordCodecProvider@eb8d539, com.mongodb.KotlinCodecProvider@20e1ce62]}, loggerSettings=LoggerSettings{maxDocumentLength=1000}, clusterSettings={hosts=[127.0.0.1:27017], srvHost=cluster0.9c3derz.mongodb.net, srvServiceName=mongodb, mode=MULTIPLE, requiredClusterType=REPLICA_SET, requiredReplicaSetName='atlas-dvtoas-shard-0', serverSelector='null', clusterListeners='[]', serverSelectionTimeout='30000 ms', localThreshold='15 ms'}, socketSettings=SocketSettings{connectTimeoutMS=10000, readTimeoutMS=0, receiveBufferSize=0, proxySettings=ProxySettings{host=null, port=null, username=null, password=null}}, heartbeatSocketSettings=SocketSettings{connectTimeoutMS=10000, readTimeoutMS=10000, receiveBufferSize=0, proxySettings=ProxySettings{host=null, port=null, username=null, password=null}}, connectionPoolSettings=ConnectionPoolSettings{maxSize=100, minSize=0, maxWaitTimeMS=120000, maxConnectionLifeTimeMS=0, maxConnectionIdleTimeMS=0, maintenanceInitialDelayMS=0, maintenanceFrequencyMS=60000, connectionPoolListeners=[], maxConnecting=2}, serverSettings=ServerSettings{heartbeatFrequencyMS=10000, minHeartbeatFrequencyMS=500, serverListeners='[]', serverMonitorListeners='[]'}, sslSettings=SslSettings{enabled=true, invalidHostNameAllowed=false, context=null}, applicationName='Cluster0', compressorList=[], uuidRepresentation=JAVA_LEGACY, serverApi=null, autoEncryptionSettings=null, dnsClient=null, inetAddressResolver=null, contextProvider=null}
2024-03-26T10:15:18.928+05:30  INFO 11452 --- [erz.mongodb.net] org.mongodb.driver.cluster               : Adding discovered server ac-msmrhx0-shard-00-02.9c3derz.mongodb.net:27017 to client view of cluster
2024-03-26T10:15:19.015+05:30  INFO 11452 --- [erz.mongodb.net] org.mongodb.driver.cluster               : Adding discovered server ac-msmrhx0-shard-00-00.9c3derz.mongodb.net:27017 to client view of cluster
2024-03-26T10:15:19.017+05:30  INFO 11452 --- [erz.mongodb.net] org.mongodb.driver.cluster               : Adding discovered server ac-msmrhx0-shard-00-01.9c3derz.mongodb.net:27017 to client view of cluster
2024-03-26T10:15:20.048+05:30  INFO 11452 --- [ngodb.net:27017] org.mongodb.driver.cluster               : Monitor thread successfully connected to server with description ServerDescription{address=ac-msmrhx0-shard-00-00.9c3derz.mongodb.net:27017, type=REPLICA_SET_SECONDARY, state=CONNECTED, ok=true, minWireVersion=0, maxWireVersion=21, maxDocumentSize=16777216, logicalSessionTimeoutMinutes=30, roundTripTimeNanos=593240800, setName='atlas-dvtoas-shard-0', canonicalAddress=ac-msmrhx0-shard-00-00.9c3derz.mongodb.net:27017, hosts=[ac-msmrhx0-shard-00-00.9c3derz.mongodb.net:27017, ac-msmrhx0-shard-00-01.9c3derz.mongodb.net:27017, ac-msmrhx0-shard-00-02.9c3derz.mongodb.net:27017], passives=[], arbiters=[], primary='ac-msmrhx0-shard-00-01.9c3derz.mongodb.net:27017', tagSet=TagSet{[Tag{name='availabilityZone', value='aps1-az1'}, Tag{name='diskState', value='READY'}, Tag{name='nodeType', value='ELECTABLE'}, Tag{name='provider', value='AWS'}, Tag{name='region', value='AP_SOUTH_1'}, Tag{name='workloadType', value='OPERATIONAL'}]}, electionId=null, setVersion=20, topologyVersion=TopologyVersion{processId=65f9b73b40ebb50ba7b039f6, counter=4}, lastWriteDate=Tue Mar 26 10:15:20 IST 2024, lastUpdateTimeNanos=532765879771800}
2024-03-26T10:15:20.048+05:30  INFO 11452 --- [ngodb.net:27017] org.mongodb.driver.cluster               : Monitor thread successfully connected to server with description ServerDescription{address=ac-msmrhx0-shard-00-02.9c3derz.mongodb.net:27017, type=REPLICA_SET_SECONDARY, state=CONNECTED, ok=true, minWireVersion=0, maxWireVersion=21, maxDocumentSize=16777216, logicalSessionTimeoutMinutes=30, roundTripTimeNanos=593253400, setName='atlas-dvtoas-shard-0', canonicalAddress=ac-msmrhx0-shard-00-02.9c3derz.mongodb.net:27017, hosts=[ac-msmrhx0-shard-00-00.9c3derz.mongodb.net:27017, ac-msmrhx0-shard-00-01.9c3derz.mongodb.net:27017, ac-msmrhx0-shard-00-02.9c3derz.mongodb.net:27017], passives=[], arbiters=[], primary='ac-msmrhx0-shard-00-01.9c3derz.mongodb.net:27017', tagSet=TagSet{[Tag{name='availabilityZone', value='aps1-az2'}, Tag{name='diskState', value='READY'}, Tag{name='nodeType', value='ELECTABLE'}, Tag{name='provider', value='AWS'}, Tag{name='region', value='AP_SOUTH_1'}, Tag{name='workloadType', value='OPERATIONAL'}]}, electionId=null, setVersion=20, topologyVersion=TopologyVersion{processId=65f9b7f4cb6a49578a31ae4f, counter=3}, lastWriteDate=Tue Mar 26 10:15:20 IST 2024, lastUpdateTimeNanos=532765879771900}
2024-03-26T10:15:20.048+05:30  INFO 11452 --- [ngodb.net:27017] org.mongodb.driver.cluster               : Monitor thread successfully connected to server with description ServerDescription{address=ac-msmrhx0-shard-00-01.9c3derz.mongodb.net:27017, type=REPLICA_SET_PRIMARY, state=CONNECTED, ok=true, minWireVersion=0, maxWireVersion=21, maxDocumentSize=16777216, logicalSessionTimeoutMinutes=30, roundTripTimeNanos=598491901, setName='atlas-dvtoas-shard-0', canonicalAddress=ac-msmrhx0-shard-00-01.9c3derz.mongodb.net:27017, hosts=[ac-msmrhx0-shard-00-00.9c3derz.mongodb.net:27017, ac-msmrhx0-shard-00-01.9c3derz.mongodb.net:27017, ac-msmrhx0-shard-00-02.9c3derz.mongodb.net:27017], passives=[], arbiters=[], primary='ac-msmrhx0-shard-00-01.9c3derz.mongodb.net:27017', tagSet=TagSet{[Tag{name='availabilityZone', value='aps1-az3'}, Tag{name='diskState', value='READY'}, Tag{name='nodeType', value='ELECTABLE'}, Tag{name='provider', value='AWS'}, Tag{name='region', value='AP_SOUTH_1'}, Tag{name='workloadType', value='OPERATIONAL'}]}, electionId=7fffffff000000000000016f, setVersion=20, topologyVersion=TopologyVersion{processId=65f9b798c705a2aef486890f, counter=6}, lastWriteDate=Tue Mar 26 10:15:20 IST 2024, lastUpdateTimeNanos=532765884785300}
2024-03-26T10:15:20.056+05:30  INFO 11452 --- [ngodb.net:27017] org.mongodb.driver.cluster               : Discovered replica set primary ac-msmrhx0-shard-00-01.9c3derz.mongodb.net:27017 with max election id 7fffffff000000000000016f and max set version 20
2024-03-26T10:15:20.485+05:30  INFO 11452 --- [           main] o.s.s.web.DefaultSecurityFilterChain     : Will secure any request with [org.springframework.security.web.session.DisableEncodeUrlFilter@7b84d8ef, org.springframework.security.web.context.request.async.WebAsyncManagerIntegrationFilter@66896ed0, org.springframework.security.web.context.SecurityContextHolderFilter@7f096ea0, org.springframework.security.web.header.HeaderWriterFilter@1e0ccdd6, org.springframework.web.filter.CorsFilter@1716da4, org.springframework.security.web.authentication.logout.LogoutFilter@3030a20, mysqltest.demo.config.JwtAuthFilter@13106eec, org.springframework.security.web.savedrequest.RequestCacheAwareFilter@f014ff3, org.springframework.security.web.servletapi.SecurityContextHolderAwareRequestFilter@3833a045, org.springframework.security.web.authentication.AnonymousAuthenticationFilter@4e0e9fc1, org.springframework.security.web.session.SessionManagementFilter@6edbdbed, org.springframework.security.web.access.ExceptionTranslationFilter@78288298, org.springframework.security.web.access.intercept.AuthorizationFilter@61df99e6]
2024-03-26T10:15:21.062+05:30  INFO 11452 --- [           main] mysqltest.demo.DemoApplicationTests      : Started DemoApplicationTests in 5.613 seconds (process running for 11.11)
]]></system-out>
  </testcase>
</testsuite>