<?xml version="1.0" encoding="UTF-8"?>
<testsuite xmlns:xsi="http://www.w3.org/2001/XMLSchema-instance" xsi:noNamespaceSchemaLocation="https://maven.apache.org/surefire/maven-surefire-plugin/xsd/surefire-test-report-3.0.xsd" version="3.0" name="mysqltest.demo.DemoApplicationTests" time="4.781" tests="1" errors="0" skipped="0" failures="0">
  <properties>
[...]
</properties>
  <testcase name="contextLoads" classname="mysqltest.demo.DemoApplicationTests" time="0.019">
    <system-out><![CDATA[00:20:57.045 [main] INFO org.springframework.test.context.support.AnnotationConfigContextLoaderUtils -- Could not detect default configuration classes for test class [mysqltest.demo.DemoApplicationTests]: DemoApplicationTests does not declare any static, non-private, non-final, nested classes annotated with @Configuration.
00:20:57.250 [main] INFO org.springframework.boot.test.context.SpringBootTestContextBootstrapper -- Found @SpringBootConfiguration mysqltest.demo.DemoApplication for test class mysqltest.demo.DemoApplicationTests

  .   ____          _            __ _ _
 /\\ / ___'_ __ _ _(_)_ __  __ _ \ \ \ \
( ( )\___ | '_ | '_| | '_ \/ _` | \ \ \ \
 \\/  ___)| |_)| | | | | || (_| |  ) ) ) )
  '  |____| .__|_| |_|_| |_\__, | / / / /
 =========|_|==============|___/=/_/_/_/
 :: Spring Boot ::                (v3.2.2)

2024-03-19T00:20:57.939+05:30  INFO 22384 --- [           main] mysqltest.demo.DemoApplicationTests      : Starting DemoApplicationTests using Java 21.0.2 with PID 22384 (started by naeem in C:\Users\naeem\Desktop\testing\SE_LAB_Team8_NITCONF\demo)
2024-03-19T00:20:57.941+05:30  INFO 22384 --- [           main] mysqltest.demo.DemoApplicationTests      : No active profile set, falling back to 1 default profile: "default"
2024-03-19T00:20:59.010+05:30  INFO 22384 --- [           main] .s.d.r.c.RepositoryConfigurationDelegate : Bootstrapping Spring Data MongoDB repositories in DEFAULT mode.
2024-03-19T00:20:59.085+05:30  INFO 22384 --- [           main] .s.d.r.c.RepositoryConfigurationDelegate : Finished Spring Data repository scanning in 66 ms. Found 4 MongoDB repository interfaces.
2024-03-19T00:20:59.839+05:30  INFO 22384 --- [           main] org.mongodb.driver.client                : MongoClient with metadata {"application": {"name": "Cluster0"}, "driver": {"name": "mongo-java-driver|sync|spring-boot", "version": "4.11.1"}, "os": {"type": "Windows", "name": "Windows 11", "architecture": "amd64", "version": "10.0"}, "platform": "Java/Oracle Corporation/21.0.2+13-LTS-58"} created with settings MongoClientSettings{readPreference=primary, writeConcern=WriteConcern{w=majority, wTimeout=null ms, journal=null}, retryWrites=true, retryReads=true, readConcern=ReadConcern{level=null}, credential=MongoCredential{mechanism=null, userName='naeem', source='admin', password=<hidden>, mechanismProperties=<hidden>}, transportSettings=null, streamFactoryFactory=null, commandListeners=[], codecRegistry=ProvidersCodecRegistry{codecProviders=[ValueCodecProvider{}, BsonValueCodecProvider{}, DBRefCodecProvider{}, DBObjectCodecProvider{}, DocumentCodecProvider{}, CollectionCodecProvider{}, IterableCodecProvider{}, MapCodecProvider{}, GeoJsonCodecProvider{}, GridFSFileCodecProvider{}, Jsr310CodecProvider{}, JsonObjectCodecProvider{}, BsonCodecProvider{}, EnumCodecProvider{}, com.mongodb.client.model.mql.ExpressionCodecProvider@72cec2e2, com.mongodb.Jep395RecordCodecProvider@250d3c1b, com.mongodb.KotlinCodecProvider@29a73056]}, loggerSettings=LoggerSettings{maxDocumentLength=1000}, clusterSettings={hosts=[127.0.0.1:27017], srvHost=cluster0.9c3derz.mongodb.net, srvServiceName=mongodb, mode=MULTIPLE, requiredClusterType=REPLICA_SET, requiredReplicaSetName='atlas-dvtoas-shard-0', serverSelector='null', clusterListeners='[]', serverSelectionTimeout='30000 ms', localThreshold='15 ms'}, socketSettings=SocketSettings{connectTimeoutMS=10000, readTimeoutMS=0, receiveBufferSize=0, proxySettings=ProxySettings{host=null, port=null, username=null, password=null}}, heartbeatSocketSettings=SocketSettings{connectTimeoutMS=10000, readTimeoutMS=10000, receiveBufferSize=0, proxySettings=ProxySettings{host=null, port=null, username=null, password=null}}, connectionPoolSettings=ConnectionPoolSettings{maxSize=100, minSize=0, maxWaitTimeMS=120000, maxConnectionLifeTimeMS=0, maxConnectionIdleTimeMS=0, maintenanceInitialDelayMS=0, maintenanceFrequencyMS=60000, connectionPoolListeners=[], maxConnecting=2}, serverSettings=ServerSettings{heartbeatFrequencyMS=10000, minHeartbeatFrequencyMS=500, serverListeners='[]', serverMonitorListeners='[]'}, sslSettings=SslSettings{enabled=true, invalidHostNameAllowed=false, context=null}, applicationName='Cluster0', compressorList=[], uuidRepresentation=JAVA_LEGACY, serverApi=null, autoEncryptionSettings=null, dnsClient=null, inetAddressResolver=null, contextProvider=null}
2024-03-19T00:20:59.917+05:30  INFO 22384 --- [erz.mongodb.net] org.mongodb.driver.cluster               : Adding discovered server ac-msmrhx0-shard-00-02.9c3derz.mongodb.net:27017 to client view of cluster
2024-03-19T00:20:59.971+05:30  INFO 22384 --- [erz.mongodb.net] org.mongodb.driver.cluster               : Adding discovered server ac-msmrhx0-shard-00-00.9c3derz.mongodb.net:27017 to client view of cluster
2024-03-19T00:20:59.971+05:30  INFO 22384 --- [erz.mongodb.net] org.mongodb.driver.cluster               : Adding discovered server ac-msmrhx0-shard-00-01.9c3derz.mongodb.net:27017 to client view of cluster
2024-03-19T00:21:00.711+05:30  INFO 22384 --- [ngodb.net:27017] org.mongodb.driver.cluster               : Monitor thread successfully connected to server with description ServerDescription{address=ac-msmrhx0-shard-00-00.9c3derz.mongodb.net:27017, type=REPLICA_SET_SECONDARY, state=CONNECTED, ok=true, minWireVersion=0, maxWireVersion=21, maxDocumentSize=16777216, logicalSessionTimeoutMinutes=30, roundTripTimeNanos=279714800, setName='atlas-dvtoas-shard-0', canonicalAddress=ac-msmrhx0-shard-00-00.9c3derz.mongodb.net:27017, hosts=[ac-msmrhx0-shard-00-00.9c3derz.mongodb.net:27017, ac-msmrhx0-shard-00-01.9c3derz.mongodb.net:27017, ac-msmrhx0-shard-00-02.9c3derz.mongodb.net:27017], passives=[], arbiters=[], primary='ac-msmrhx0-shard-00-02.9c3derz.mongodb.net:27017', tagSet=TagSet{[Tag{name='availabilityZone', value='aps1-az1'}, Tag{name='diskState', value='READY'}, Tag{name='nodeType', value='ELECTABLE'}, Tag{name='provider', value='AWS'}, Tag{name='region', value='AP_SOUTH_1'}, Tag{name='workloadType', value='OPERATIONAL'}]}, electionId=null, setVersion=20, topologyVersion=TopologyVersion{processId=65f4722921b3d26bf5e39fb2, counter=4}, lastWriteDate=Tue Mar 19 00:21:00 IST 2024, lastUpdateTimeNanos=18261422308700}
2024-03-19T00:21:00.711+05:30  INFO 22384 --- [ngodb.net:27017] org.mongodb.driver.cluster               : Monitor thread successfully connected to server with description ServerDescription{address=ac-msmrhx0-shard-00-02.9c3derz.mongodb.net:27017, type=REPLICA_SET_PRIMARY, state=CONNECTED, ok=true, minWireVersion=0, maxWireVersion=21, maxDocumentSize=16777216, logicalSessionTimeoutMinutes=30, roundTripTimeNanos=381734500, setName='atlas-dvtoas-shard-0', canonicalAddress=ac-msmrhx0-shard-00-02.9c3derz.mongodb.net:27017, hosts=[ac-msmrhx0-shard-00-00.9c3derz.mongodb.net:27017, ac-msmrhx0-shard-00-01.9c3derz.mongodb.net:27017, ac-msmrhx0-shard-00-02.9c3derz.mongodb.net:27017], passives=[], arbiters=[], primary='ac-msmrhx0-shard-00-02.9c3derz.mongodb.net:27017', tagSet=TagSet{[Tag{name='availabilityZone', value='aps1-az2'}, Tag{name='diskState', value='READY'}, Tag{name='nodeType', value='ELECTABLE'}, Tag{name='provider', value='AWS'}, Tag{name='region', value='AP_SOUTH_1'}, Tag{name='workloadType', value='OPERATIONAL'}]}, electionId=7fffffff000000000000016e, setVersion=20, topologyVersion=TopologyVersion{processId=65f47499b4803cb2eba49de3, counter=6}, lastWriteDate=Tue Mar 19 00:21:00 IST 2024, lastUpdateTimeNanos=18261422308800}
2024-03-19T00:21:00.711+05:30  INFO 22384 --- [ngodb.net:27017] org.mongodb.driver.cluster               : Monitor thread successfully connected to server with description ServerDescription{address=ac-msmrhx0-shard-00-01.9c3derz.mongodb.net:27017, type=REPLICA_SET_SECONDARY, state=CONNECTED, ok=true, minWireVersion=0, maxWireVersion=21, maxDocumentSize=16777216, logicalSessionTimeoutMinutes=30, roundTripTimeNanos=301097400, setName='atlas-dvtoas-shard-0', canonicalAddress=ac-msmrhx0-shard-00-01.9c3derz.mongodb.net:27017, hosts=[ac-msmrhx0-shard-00-00.9c3derz.mongodb.net:27017, ac-msmrhx0-shard-00-01.9c3derz.mongodb.net:27017, ac-msmrhx0-shard-00-02.9c3derz.mongodb.net:27017], passives=[], arbiters=[], primary='ac-msmrhx0-shard-00-02.9c3derz.mongodb.net:27017', tagSet=TagSet{[Tag{name='availabilityZone', value='aps1-az3'}, Tag{name='diskState', value='READY'}, Tag{name='nodeType', value='ELECTABLE'}, Tag{name='provider', value='AWS'}, Tag{name='region', value='AP_SOUTH_1'}, Tag{name='workloadType', value='OPERATIONAL'}]}, electionId=null, setVersion=20, topologyVersion=TopologyVersion{processId=65f477c7035b6878cf89ba1d, counter=3}, lastWriteDate=Tue Mar 19 00:21:00 IST 2024, lastUpdateTimeNanos=18261422308800}
2024-03-19T00:21:00.711+05:30  INFO 22384 --- [ngodb.net:27017] org.mongodb.driver.cluster               : Discovered replica set primary ac-msmrhx0-shard-00-02.9c3derz.mongodb.net:27017 with max election id 7fffffff000000000000016e and max set version 20
2024-03-19T00:21:01.063+05:30  INFO 22384 --- [           main] o.s.s.web.DefaultSecurityFilterChain     : Will secure any request with [org.springframework.security.web.session.DisableEncodeUrlFilter@12b67070, org.springframework.security.web.context.request.async.WebAsyncManagerIntegrationFilter@f33b8fc, org.springframework.security.web.context.SecurityContextHolderFilter@16023bb2, org.springframework.security.web.header.HeaderWriterFilter@2f11f73e, org.springframework.web.filter.CorsFilter@697714d8, org.springframework.security.web.authentication.logout.LogoutFilter@2285f28b, mysqltest.demo.config.JwtAuthFilter@7f25d1d3, org.springframework.security.web.savedrequest.RequestCacheAwareFilter@ee1493e, org.springframework.security.web.servletapi.SecurityContextHolderAwareRequestFilter@1e73e9e2, org.springframework.security.web.authentication.AnonymousAuthenticationFilter@5eb11bb7, org.springframework.security.web.session.SessionManagementFilter@6fd53298, org.springframework.security.web.access.ExceptionTranslationFilter@7ffdded5, org.springframework.security.web.access.intercept.AuthorizationFilter@59889208]
2024-03-19T00:21:01.484+05:30  INFO 22384 --- [           main] mysqltest.demo.DemoApplicationTests      : Started DemoApplicationTests in 3.971 seconds (process running for 7.923)
]]></system-out>
  </testcase>
</testsuite>